[INFO  - 2017-03-03T11:45:47.860Z] GhostDriver - Main - running on port 22680
[INFO  - 2017-03-03T11:45:48.331Z] Session [f1b7fc60-0006-11e7-a3ce-1daa06b460cc] - page.settings - {"XSSAuditingEnabled":false,"javascriptCanCloseWindows":true,"javascriptCanOpenWindows":true,"javascriptEnabled":true,"loadImages":true,"localToRemoteUrlAccessEnabled":false,"userAgent":"Mozilla/5.0 (Windows NT 6.1; WOW64) AppleWebKit/538.1 (KHTML, like Gecko) PhantomJS/2.1.1 Safari/538.1","webSecurityEnabled":true}
[INFO  - 2017-03-03T11:45:48.331Z] Session [f1b7fc60-0006-11e7-a3ce-1daa06b460cc] - page.customHeaders:  - {}
[INFO  - 2017-03-03T11:45:48.331Z] Session [f1b7fc60-0006-11e7-a3ce-1daa06b460cc] - Session.negotiatedCapabilities - {"browserName":"phantomjs","version":"2.1.1","driverName":"ghostdriver","driverVersion":"1.2.0","platform":"windows-7-32bit","javascriptEnabled":true,"takesScreenshot":true,"handlesAlerts":false,"databaseEnabled":false,"locationContextEnabled":false,"applicationCacheEnabled":false,"browserConnectionEnabled":false,"cssSelectorsEnabled":true,"webStorageEnabled":false,"rotatable":false,"acceptSslCerts":false,"nativeEvents":true,"proxy":{"proxyType":"direct"}}
[INFO  - 2017-03-03T11:45:48.331Z] SessionManagerReqHand - _postNewSessionCommand - New Session Created: f1b7fc60-0006-11e7-a3ce-1daa06b460cc
[INFO  - 2017-03-03T11:46:23.779Z] ShutdownReqHand - _handle - About to shutdown
[INFO  - 2017-03-03T11:48:54.894Z] GhostDriver - Main - running on port 39234
[INFO  - 2017-03-03T11:48:55.403Z] Session [61390f70-0007-11e7-a84e-15e302c01405] - page.settings - {"XSSAuditingEnabled":false,"javascriptCanCloseWindows":true,"javascriptCanOpenWindows":true,"javascriptEnabled":true,"loadImages":true,"localToRemoteUrlAccessEnabled":false,"userAgent":"Mozilla/5.0 (Windows NT 6.1; WOW64) AppleWebKit/538.1 (KHTML, like Gecko) PhantomJS/2.1.1 Safari/538.1","webSecurityEnabled":true}
[INFO  - 2017-03-03T11:48:55.403Z] Session [61390f70-0007-11e7-a84e-15e302c01405] - page.customHeaders:  - {}
[INFO  - 2017-03-03T11:48:55.403Z] Session [61390f70-0007-11e7-a84e-15e302c01405] - Session.negotiatedCapabilities - {"browserName":"phantomjs","version":"2.1.1","driverName":"ghostdriver","driverVersion":"1.2.0","platform":"windows-7-32bit","javascriptEnabled":true,"takesScreenshot":true,"handlesAlerts":false,"databaseEnabled":false,"locationContextEnabled":false,"applicationCacheEnabled":false,"browserConnectionEnabled":false,"cssSelectorsEnabled":true,"webStorageEnabled":false,"rotatable":false,"acceptSslCerts":false,"nativeEvents":true,"proxy":{"proxyType":"direct"}}
[INFO  - 2017-03-03T11:48:55.404Z] SessionManagerReqHand - _postNewSessionCommand - New Session Created: 61390f70-0007-11e7-a84e-15e302c01405
[INFO  - 2017-03-03T11:49:31.060Z] ShutdownReqHand - _handle - About to shutdown
[INFO  - 2017-03-03T12:47:55.927Z] GhostDriver - Main - running on port 44958
[INFO  - 2017-03-03T12:47:56.357Z] Session [9fcbc310-000f-11e7-81f3-c7692315cebd] - page.settings - {"XSSAuditingEnabled":false,"javascriptCanCloseWindows":true,"javascriptCanOpenWindows":true,"javascriptEnabled":true,"loadImages":true,"localToRemoteUrlAccessEnabled":false,"userAgent":"Mozilla/5.0 (Windows NT 6.1; WOW64) AppleWebKit/538.1 (KHTML, like Gecko) PhantomJS/2.1.1 Safari/538.1","webSecurityEnabled":true}
[INFO  - 2017-03-03T12:47:56.357Z] Session [9fcbc310-000f-11e7-81f3-c7692315cebd] - page.customHeaders:  - {}
[INFO  - 2017-03-03T12:47:56.358Z] Session [9fcbc310-000f-11e7-81f3-c7692315cebd] - Session.negotiatedCapabilities - {"browserName":"phantomjs","version":"2.1.1","driverName":"ghostdriver","driverVersion":"1.2.0","platform":"windows-7-32bit","javascriptEnabled":true,"takesScreenshot":true,"handlesAlerts":false,"databaseEnabled":false,"locationContextEnabled":false,"applicationCacheEnabled":false,"browserConnectionEnabled":false,"cssSelectorsEnabled":true,"webStorageEnabled":false,"rotatable":false,"acceptSslCerts":false,"nativeEvents":true,"proxy":{"proxyType":"direct"}}
[INFO  - 2017-03-03T12:47:56.358Z] SessionManagerReqHand - _postNewSessionCommand - New Session Created: 9fcbc310-000f-11e7-81f3-c7692315cebd
[ERROR - 2017-03-03T12:48:10.753Z] WebElementLocator - _handleLocateCommand - Element(s) NOT Found: GAVE UP. Search Stop Time: 1488545290707
[ERROR - 2017-03-03T12:48:25.153Z] WebElementLocator - _handleLocateCommand - Element(s) NOT Found: GAVE UP. Search Stop Time: 1488545305137
[ERROR - 2017-03-03T12:48:39.530Z] WebElementLocator - _handleLocateCommand - Element(s) NOT Found: GAVE UP. Search Stop Time: 1488545319479
[INFO  - 2017-03-03T12:48:39.630Z] ShutdownReqHand - _handle - About to shutdown
[INFO  - 2017-03-03T12:49:33.365Z] GhostDriver - Main - running on port 2055
[INFO  - 2017-03-03T12:49:33.916Z] Session [d9f1ee70-000f-11e7-8d10-094bc6376b31] - page.settings - {"XSSAuditingEnabled":false,"javascriptCanCloseWindows":true,"javascriptCanOpenWindows":true,"javascriptEnabled":true,"loadImages":true,"localToRemoteUrlAccessEnabled":false,"userAgent":"Mozilla/5.0 (Windows NT 6.1; WOW64) AppleWebKit/538.1 (KHTML, like Gecko) PhantomJS/2.1.1 Safari/538.1","webSecurityEnabled":true}
[INFO  - 2017-03-03T12:49:33.916Z] Session [d9f1ee70-000f-11e7-8d10-094bc6376b31] - page.customHeaders:  - {}
[INFO  - 2017-03-03T12:49:33.916Z] Session [d9f1ee70-000f-11e7-8d10-094bc6376b31] - Session.negotiatedCapabilities - {"browserName":"phantomjs","version":"2.1.1","driverName":"ghostdriver","driverVersion":"1.2.0","platform":"windows-7-32bit","javascriptEnabled":true,"takesScreenshot":true,"handlesAlerts":false,"databaseEnabled":false,"locationContextEnabled":false,"applicationCacheEnabled":false,"browserConnectionEnabled":false,"cssSelectorsEnabled":true,"webStorageEnabled":false,"rotatable":false,"acceptSslCerts":false,"nativeEvents":true,"proxy":{"proxyType":"direct"}}
[INFO  - 2017-03-03T12:49:33.916Z] SessionManagerReqHand - _postNewSessionCommand - New Session Created: d9f1ee70-000f-11e7-8d10-094bc6376b31
[INFO  - 2017-03-03T12:49:36.097Z] ShutdownReqHand - _handle - About to shutdown
[INFO  - 2017-03-03T12:50:56.484Z] GhostDriver - Main - running on port 47772
[INFO  - 2017-03-03T12:50:57.233Z] Session [0b9b3fd0-0010-11e7-a801-296cf802ff5f] - page.settings - {"XSSAuditingEnabled":false,"javascriptCanCloseWindows":true,"javascriptCanOpenWindows":true,"javascriptEnabled":true,"loadImages":true,"localToRemoteUrlAccessEnabled":false,"userAgent":"Mozilla/5.0 (Windows NT 6.1; WOW64) AppleWebKit/538.1 (KHTML, like Gecko) PhantomJS/2.1.1 Safari/538.1","webSecurityEnabled":true}
[INFO  - 2017-03-03T12:50:57.233Z] Session [0b9b3fd0-0010-11e7-a801-296cf802ff5f] - page.customHeaders:  - {}
[INFO  - 2017-03-03T12:50:57.233Z] Session [0b9b3fd0-0010-11e7-a801-296cf802ff5f] - Session.negotiatedCapabilities - {"browserName":"phantomjs","version":"2.1.1","driverName":"ghostdriver","driverVersion":"1.2.0","platform":"windows-7-32bit","javascriptEnabled":true,"takesScreenshot":true,"handlesAlerts":false,"databaseEnabled":false,"locationContextEnabled":false,"applicationCacheEnabled":false,"browserConnectionEnabled":false,"cssSelectorsEnabled":true,"webStorageEnabled":false,"rotatable":false,"acceptSslCerts":false,"nativeEvents":true,"proxy":{"proxyType":"direct"}}
[INFO  - 2017-03-03T12:50:57.233Z] SessionManagerReqHand - _postNewSessionCommand - New Session Created: 0b9b3fd0-0010-11e7-a801-296cf802ff5f
[INFO  - 2017-03-03T12:51:13.775Z] ShutdownReqHand - _handle - About to shutdown
[INFO  - 2017-03-03T12:59:12.333Z] GhostDriver - Main - running on port 43131
[INFO  - 2017-03-03T12:59:12.852Z] Session [33048df0-0011-11e7-9e99-75a33a0f9a36] - page.settings - {"XSSAuditingEnabled":false,"javascriptCanCloseWindows":true,"javascriptCanOpenWindows":true,"javascriptEnabled":true,"loadImages":true,"localToRemoteUrlAccessEnabled":false,"userAgent":"Mozilla/5.0 (Windows NT 6.1; WOW64) AppleWebKit/538.1 (KHTML, like Gecko) PhantomJS/2.1.1 Safari/538.1","webSecurityEnabled":true}
[INFO  - 2017-03-03T12:59:12.852Z] Session [33048df0-0011-11e7-9e99-75a33a0f9a36] - page.customHeaders:  - {}
[INFO  - 2017-03-03T12:59:12.852Z] Session [33048df0-0011-11e7-9e99-75a33a0f9a36] - Session.negotiatedCapabilities - {"browserName":"phantomjs","version":"2.1.1","driverName":"ghostdriver","driverVersion":"1.2.0","platform":"windows-7-32bit","javascriptEnabled":true,"takesScreenshot":true,"handlesAlerts":false,"databaseEnabled":false,"locationContextEnabled":false,"applicationCacheEnabled":false,"browserConnectionEnabled":false,"cssSelectorsEnabled":true,"webStorageEnabled":false,"rotatable":false,"acceptSslCerts":false,"nativeEvents":true,"proxy":{"proxyType":"direct"}}
[INFO  - 2017-03-03T12:59:12.852Z] SessionManagerReqHand - _postNewSessionCommand - New Session Created: 33048df0-0011-11e7-9e99-75a33a0f9a36
[INFO  - 2017-03-03T12:59:15.521Z] ShutdownReqHand - _handle - About to shutdown
[INFO  - 2017-03-03T13:01:04.785Z] GhostDriver - Main - running on port 10923
[INFO  - 2017-03-03T13:01:05.280Z] Session [7607dbc0-0011-11e7-afca-39c88f693810] - page.settings - {"XSSAuditingEnabled":false,"javascriptCanCloseWindows":true,"javascriptCanOpenWindows":true,"javascriptEnabled":true,"loadImages":true,"localToRemoteUrlAccessEnabled":false,"userAgent":"Mozilla/5.0 (Windows NT 6.1; WOW64) AppleWebKit/538.1 (KHTML, like Gecko) PhantomJS/2.1.1 Safari/538.1","webSecurityEnabled":true}
[INFO  - 2017-03-03T13:01:05.281Z] Session [7607dbc0-0011-11e7-afca-39c88f693810] - page.customHeaders:  - {}
[INFO  - 2017-03-03T13:01:05.281Z] Session [7607dbc0-0011-11e7-afca-39c88f693810] - Session.negotiatedCapabilities - {"browserName":"phantomjs","version":"2.1.1","driverName":"ghostdriver","driverVersion":"1.2.0","platform":"windows-7-32bit","javascriptEnabled":true,"takesScreenshot":true,"handlesAlerts":false,"databaseEnabled":false,"locationContextEnabled":false,"applicationCacheEnabled":false,"browserConnectionEnabled":false,"cssSelectorsEnabled":true,"webStorageEnabled":false,"rotatable":false,"acceptSslCerts":false,"nativeEvents":true,"proxy":{"proxyType":"direct"}}
[INFO  - 2017-03-03T13:01:05.281Z] SessionManagerReqHand - _postNewSessionCommand - New Session Created: 7607dbc0-0011-11e7-afca-39c88f693810
[INFO  - 2017-03-03T13:01:07.807Z] ShutdownReqHand - _handle - About to shutdown
[INFO  - 2017-03-03T13:34:29.960Z] GhostDriver - Main - running on port 28356
[INFO  - 2017-03-03T13:34:30.306Z] Session [211e64d0-0016-11e7-b9f4-03a7e83586bd] - page.settings - {"XSSAuditingEnabled":false,"javascriptCanCloseWindows":true,"javascriptCanOpenWindows":true,"javascriptEnabled":true,"loadImages":true,"localToRemoteUrlAccessEnabled":false,"userAgent":"Mozilla/5.0 (Windows NT 6.1; WOW64) AppleWebKit/538.1 (KHTML, like Gecko) PhantomJS/2.1.1 Safari/538.1","webSecurityEnabled":true}
[INFO  - 2017-03-03T13:34:30.306Z] Session [211e64d0-0016-11e7-b9f4-03a7e83586bd] - page.customHeaders:  - {}
[INFO  - 2017-03-03T13:34:30.306Z] Session [211e64d0-0016-11e7-b9f4-03a7e83586bd] - Session.negotiatedCapabilities - {"browserName":"phantomjs","version":"2.1.1","driverName":"ghostdriver","driverVersion":"1.2.0","platform":"windows-7-32bit","javascriptEnabled":true,"takesScreenshot":true,"handlesAlerts":false,"databaseEnabled":false,"locationContextEnabled":false,"applicationCacheEnabled":false,"browserConnectionEnabled":false,"cssSelectorsEnabled":true,"webStorageEnabled":false,"rotatable":false,"acceptSslCerts":false,"nativeEvents":true,"proxy":{"proxyType":"direct"}}
[INFO  - 2017-03-03T13:34:30.306Z] SessionManagerReqHand - _postNewSessionCommand - New Session Created: 211e64d0-0016-11e7-b9f4-03a7e83586bd
[INFO  - 2017-03-03T13:34:46.473Z] ShutdownReqHand - _handle - About to shutdown
[INFO  - 2017-03-03T13:41:22.061Z] GhostDriver - Main - running on port 48863
[INFO  - 2017-03-03T13:41:22.619Z] Session [16e05d60-0017-11e7-8f94-37e039d6267e] - page.settings - {"XSSAuditingEnabled":false,"javascriptCanCloseWindows":true,"javascriptCanOpenWindows":true,"javascriptEnabled":true,"loadImages":true,"localToRemoteUrlAccessEnabled":false,"userAgent":"Mozilla/5.0 (Windows NT 6.1; WOW64) AppleWebKit/538.1 (KHTML, like Gecko) PhantomJS/2.1.1 Safari/538.1","webSecurityEnabled":true}
[INFO  - 2017-03-03T13:41:22.619Z] Session [16e05d60-0017-11e7-8f94-37e039d6267e] - page.customHeaders:  - {}
[INFO  - 2017-03-03T13:41:22.619Z] Session [16e05d60-0017-11e7-8f94-37e039d6267e] - Session.negotiatedCapabilities - {"browserName":"phantomjs","version":"2.1.1","driverName":"ghostdriver","driverVersion":"1.2.0","platform":"windows-7-32bit","javascriptEnabled":true,"takesScreenshot":true,"handlesAlerts":false,"databaseEnabled":false,"locationContextEnabled":false,"applicationCacheEnabled":false,"browserConnectionEnabled":false,"cssSelectorsEnabled":true,"webStorageEnabled":false,"rotatable":false,"acceptSslCerts":false,"nativeEvents":true,"proxy":{"proxyType":"direct"}}
[INFO  - 2017-03-03T13:41:22.619Z] SessionManagerReqHand - _postNewSessionCommand - New Session Created: 16e05d60-0017-11e7-8f94-37e039d6267e
[INFO  - 2017-03-03T13:41:24.723Z] ShutdownReqHand - _handle - About to shutdown
[INFO  - 2017-03-03T13:42:22.324Z] GhostDriver - Main - running on port 9876
[INFO  - 2017-03-03T13:42:22.843Z] Session [3ac5d160-0017-11e7-a775-85f9a011214e] - page.settings - {"XSSAuditingEnabled":false,"javascriptCanCloseWindows":true,"javascriptCanOpenWindows":true,"javascriptEnabled":true,"loadImages":true,"localToRemoteUrlAccessEnabled":false,"userAgent":"Mozilla/5.0 (Windows NT 6.1; WOW64) AppleWebKit/538.1 (KHTML, like Gecko) PhantomJS/2.1.1 Safari/538.1","webSecurityEnabled":true}
[INFO  - 2017-03-03T13:42:22.843Z] Session [3ac5d160-0017-11e7-a775-85f9a011214e] - page.customHeaders:  - {}
[INFO  - 2017-03-03T13:42:22.843Z] Session [3ac5d160-0017-11e7-a775-85f9a011214e] - Session.negotiatedCapabilities - {"browserName":"phantomjs","version":"2.1.1","driverName":"ghostdriver","driverVersion":"1.2.0","platform":"windows-7-32bit","javascriptEnabled":true,"takesScreenshot":true,"handlesAlerts":false,"databaseEnabled":false,"locationContextEnabled":false,"applicationCacheEnabled":false,"browserConnectionEnabled":false,"cssSelectorsEnabled":true,"webStorageEnabled":false,"rotatable":false,"acceptSslCerts":false,"nativeEvents":true,"proxy":{"proxyType":"direct"}}
[INFO  - 2017-03-03T13:42:22.843Z] SessionManagerReqHand - _postNewSessionCommand - New Session Created: 3ac5d160-0017-11e7-a775-85f9a011214e
[INFO  - 2017-03-03T13:42:25.053Z] ShutdownReqHand - _handle - About to shutdown
[INFO  - 2017-03-03T13:42:49.886Z] GhostDriver - Main - running on port 37656
[INFO  - 2017-03-03T13:42:50.389Z] Session [4b310100-0017-11e7-a91b-d153ad903154] - page.settings - {"XSSAuditingEnabled":false,"javascriptCanCloseWindows":true,"javascriptCanOpenWindows":true,"javascriptEnabled":true,"loadImages":true,"localToRemoteUrlAccessEnabled":false,"userAgent":"Mozilla/5.0 (Windows NT 6.1; WOW64) AppleWebKit/538.1 (KHTML, like Gecko) PhantomJS/2.1.1 Safari/538.1","webSecurityEnabled":true}
[INFO  - 2017-03-03T13:42:50.389Z] Session [4b310100-0017-11e7-a91b-d153ad903154] - page.customHeaders:  - {}
[INFO  - 2017-03-03T13:42:50.389Z] Session [4b310100-0017-11e7-a91b-d153ad903154] - Session.negotiatedCapabilities - {"browserName":"phantomjs","version":"2.1.1","driverName":"ghostdriver","driverVersion":"1.2.0","platform":"windows-7-32bit","javascriptEnabled":true,"takesScreenshot":true,"handlesAlerts":false,"databaseEnabled":false,"locationContextEnabled":false,"applicationCacheEnabled":false,"browserConnectionEnabled":false,"cssSelectorsEnabled":true,"webStorageEnabled":false,"rotatable":false,"acceptSslCerts":false,"nativeEvents":true,"proxy":{"proxyType":"direct"}}
[INFO  - 2017-03-03T13:42:50.389Z] SessionManagerReqHand - _postNewSessionCommand - New Session Created: 4b310100-0017-11e7-a91b-d153ad903154
[INFO  - 2017-03-03T13:43:03.408Z] ShutdownReqHand - _handle - About to shutdown
[INFO  - 2017-03-03T13:44:04.756Z] GhostDriver - Main - running on port 25204
[INFO  - 2017-03-03T13:44:05.300Z] Session [77d783f0-0017-11e7-8ea9-8f2b937276f8] - page.settings - {"XSSAuditingEnabled":false,"javascriptCanCloseWindows":true,"javascriptCanOpenWindows":true,"javascriptEnabled":true,"loadImages":true,"localToRemoteUrlAccessEnabled":false,"userAgent":"Mozilla/5.0 (Windows NT 6.1; WOW64) AppleWebKit/538.1 (KHTML, like Gecko) PhantomJS/2.1.1 Safari/538.1","webSecurityEnabled":true}
[INFO  - 2017-03-03T13:44:05.300Z] Session [77d783f0-0017-11e7-8ea9-8f2b937276f8] - page.customHeaders:  - {}
[INFO  - 2017-03-03T13:44:05.300Z] Session [77d783f0-0017-11e7-8ea9-8f2b937276f8] - Session.negotiatedCapabilities - {"browserName":"phantomjs","version":"2.1.1","driverName":"ghostdriver","driverVersion":"1.2.0","platform":"windows-7-32bit","javascriptEnabled":true,"takesScreenshot":true,"handlesAlerts":false,"databaseEnabled":false,"locationContextEnabled":false,"applicationCacheEnabled":false,"browserConnectionEnabled":false,"cssSelectorsEnabled":true,"webStorageEnabled":false,"rotatable":false,"acceptSslCerts":false,"nativeEvents":true,"proxy":{"proxyType":"direct"}}
[INFO  - 2017-03-03T13:44:05.300Z] SessionManagerReqHand - _postNewSessionCommand - New Session Created: 77d783f0-0017-11e7-8ea9-8f2b937276f8
[INFO  - 2017-03-03T13:44:35.683Z] ShutdownReqHand - _handle - About to shutdown
[INFO  - 2017-03-03T13:45:41.907Z] GhostDriver - Main - running on port 39724
[INFO  - 2017-03-03T13:45:42.448Z] Session [b1bf1fb0-0017-11e7-82b0-47f57bcaf6ab] - page.settings - {"XSSAuditingEnabled":false,"javascriptCanCloseWindows":true,"javascriptCanOpenWindows":true,"javascriptEnabled":true,"loadImages":true,"localToRemoteUrlAccessEnabled":false,"userAgent":"Mozilla/5.0 (Windows NT 6.1; WOW64) AppleWebKit/538.1 (KHTML, like Gecko) PhantomJS/2.1.1 Safari/538.1","webSecurityEnabled":true}
[INFO  - 2017-03-03T13:45:42.448Z] Session [b1bf1fb0-0017-11e7-82b0-47f57bcaf6ab] - page.customHeaders:  - {}
[INFO  - 2017-03-03T13:45:42.448Z] Session [b1bf1fb0-0017-11e7-82b0-47f57bcaf6ab] - Session.negotiatedCapabilities - {"browserName":"phantomjs","version":"2.1.1","driverName":"ghostdriver","driverVersion":"1.2.0","platform":"windows-7-32bit","javascriptEnabled":true,"takesScreenshot":true,"handlesAlerts":false,"databaseEnabled":false,"locationContextEnabled":false,"applicationCacheEnabled":false,"browserConnectionEnabled":false,"cssSelectorsEnabled":true,"webStorageEnabled":false,"rotatable":false,"acceptSslCerts":false,"nativeEvents":true,"proxy":{"proxyType":"direct"}}
[INFO  - 2017-03-03T13:45:42.448Z] SessionManagerReqHand - _postNewSessionCommand - New Session Created: b1bf1fb0-0017-11e7-82b0-47f57bcaf6ab
[INFO  - 2017-03-03T13:45:55.632Z] ShutdownReqHand - _handle - About to shutdown
[INFO  - 2017-03-03T13:46:27.641Z] GhostDriver - Main - running on port 10286
[INFO  - 2017-03-03T13:46:28.173Z] Session [cd003480-0017-11e7-9b46-dd7949cf4c55] - page.settings - {"XSSAuditingEnabled":false,"javascriptCanCloseWindows":true,"javascriptCanOpenWindows":true,"javascriptEnabled":true,"loadImages":true,"localToRemoteUrlAccessEnabled":false,"userAgent":"Mozilla/5.0 (Windows NT 6.1; WOW64) AppleWebKit/538.1 (KHTML, like Gecko) PhantomJS/2.1.1 Safari/538.1","webSecurityEnabled":true}
[INFO  - 2017-03-03T13:46:28.173Z] Session [cd003480-0017-11e7-9b46-dd7949cf4c55] - page.customHeaders:  - {}
[INFO  - 2017-03-03T13:46:28.173Z] Session [cd003480-0017-11e7-9b46-dd7949cf4c55] - Session.negotiatedCapabilities - {"browserName":"phantomjs","version":"2.1.1","driverName":"ghostdriver","driverVersion":"1.2.0","platform":"windows-7-32bit","javascriptEnabled":true,"takesScreenshot":true,"handlesAlerts":false,"databaseEnabled":false,"locationContextEnabled":false,"applicationCacheEnabled":false,"browserConnectionEnabled":false,"cssSelectorsEnabled":true,"webStorageEnabled":false,"rotatable":false,"acceptSslCerts":false,"nativeEvents":true,"proxy":{"proxyType":"direct"}}
[INFO  - 2017-03-03T13:46:28.173Z] SessionManagerReqHand - _postNewSessionCommand - New Session Created: cd003480-0017-11e7-9b46-dd7949cf4c55
[INFO  - 2017-03-03T13:46:58.180Z] ShutdownReqHand - _handle - About to shutdown
[INFO  - 2017-03-03T13:47:22.629Z] GhostDriver - Main - running on port 10736
[INFO  - 2017-03-03T13:47:23.078Z] Session [edba3220-0017-11e7-8aad-2364ee2176e7] - page.settings - {"XSSAuditingEnabled":false,"javascriptCanCloseWindows":true,"javascriptCanOpenWindows":true,"javascriptEnabled":true,"loadImages":true,"localToRemoteUrlAccessEnabled":false,"userAgent":"Mozilla/5.0 (Windows NT 6.1; WOW64) AppleWebKit/538.1 (KHTML, like Gecko) PhantomJS/2.1.1 Safari/538.1","webSecurityEnabled":true}
[INFO  - 2017-03-03T13:47:23.078Z] Session [edba3220-0017-11e7-8aad-2364ee2176e7] - page.customHeaders:  - {}
[INFO  - 2017-03-03T13:47:23.078Z] Session [edba3220-0017-11e7-8aad-2364ee2176e7] - Session.negotiatedCapabilities - {"browserName":"phantomjs","version":"2.1.1","driverName":"ghostdriver","driverVersion":"1.2.0","platform":"windows-7-32bit","javascriptEnabled":true,"takesScreenshot":true,"handlesAlerts":false,"databaseEnabled":false,"locationContextEnabled":false,"applicationCacheEnabled":false,"browserConnectionEnabled":false,"cssSelectorsEnabled":true,"webStorageEnabled":false,"rotatable":false,"acceptSslCerts":false,"nativeEvents":true,"proxy":{"proxyType":"direct"}}
[INFO  - 2017-03-03T13:47:23.078Z] SessionManagerReqHand - _postNewSessionCommand - New Session Created: edba3220-0017-11e7-8aad-2364ee2176e7
[INFO  - 2017-03-03T13:47:51.494Z] ShutdownReqHand - _handle - About to shutdown
[INFO  - 2017-03-03T13:48:26.349Z] GhostDriver - Main - running on port 27306
[INFO  - 2017-03-03T13:48:26.881Z] Session [13c19bc0-0018-11e7-8d16-3f0b690d3441] - page.settings - {"XSSAuditingEnabled":false,"javascriptCanCloseWindows":true,"javascriptCanOpenWindows":true,"javascriptEnabled":true,"loadImages":true,"localToRemoteUrlAccessEnabled":false,"userAgent":"Mozilla/5.0 (Windows NT 6.1; WOW64) AppleWebKit/538.1 (KHTML, like Gecko) PhantomJS/2.1.1 Safari/538.1","webSecurityEnabled":true}
[INFO  - 2017-03-03T13:48:26.881Z] Session [13c19bc0-0018-11e7-8d16-3f0b690d3441] - page.customHeaders:  - {}
[INFO  - 2017-03-03T13:48:26.882Z] Session [13c19bc0-0018-11e7-8d16-3f0b690d3441] - Session.negotiatedCapabilities - {"browserName":"phantomjs","version":"2.1.1","driverName":"ghostdriver","driverVersion":"1.2.0","platform":"windows-7-32bit","javascriptEnabled":true,"takesScreenshot":true,"handlesAlerts":false,"databaseEnabled":false,"locationContextEnabled":false,"applicationCacheEnabled":false,"browserConnectionEnabled":false,"cssSelectorsEnabled":true,"webStorageEnabled":false,"rotatable":false,"acceptSslCerts":false,"nativeEvents":true,"proxy":{"proxyType":"direct"}}
[INFO  - 2017-03-03T13:48:26.882Z] SessionManagerReqHand - _postNewSessionCommand - New Session Created: 13c19bc0-0018-11e7-8d16-3f0b690d3441
[INFO  - 2017-03-03T13:48:43.641Z] ShutdownReqHand - _handle - About to shutdown
[INFO  - 2017-03-03T13:51:28.800Z] GhostDriver - Main - running on port 9819
[INFO  - 2017-03-03T13:51:29.350Z] Session [80845220-0018-11e7-a3de-970052c54caf] - page.settings - {"XSSAuditingEnabled":false,"javascriptCanCloseWindows":true,"javascriptCanOpenWindows":true,"javascriptEnabled":true,"loadImages":true,"localToRemoteUrlAccessEnabled":false,"userAgent":"Mozilla/5.0 (Windows NT 6.1; WOW64) AppleWebKit/538.1 (KHTML, like Gecko) PhantomJS/2.1.1 Safari/538.1","webSecurityEnabled":true}
[INFO  - 2017-03-03T13:51:29.350Z] Session [80845220-0018-11e7-a3de-970052c54caf] - page.customHeaders:  - {}
[INFO  - 2017-03-03T13:51:29.350Z] Session [80845220-0018-11e7-a3de-970052c54caf] - Session.negotiatedCapabilities - {"browserName":"phantomjs","version":"2.1.1","driverName":"ghostdriver","driverVersion":"1.2.0","platform":"windows-7-32bit","javascriptEnabled":true,"takesScreenshot":true,"handlesAlerts":false,"databaseEnabled":false,"locationContextEnabled":false,"applicationCacheEnabled":false,"browserConnectionEnabled":false,"cssSelectorsEnabled":true,"webStorageEnabled":false,"rotatable":false,"acceptSslCerts":false,"nativeEvents":true,"proxy":{"proxyType":"direct"}}
[INFO  - 2017-03-03T13:51:29.351Z] SessionManagerReqHand - _postNewSessionCommand - New Session Created: 80845220-0018-11e7-a3de-970052c54caf
[INFO  - 2017-03-03T13:51:46.399Z] ShutdownReqHand - _handle - About to shutdown
[INFO  - 2017-03-03T14:26:58.140Z] GhostDriver - Main - running on port 20701
[INFO  - 2017-03-03T14:26:58.670Z] Session [75b09d90-001d-11e7-9073-d1823735436f] - page.settings - {"XSSAuditingEnabled":false,"javascriptCanCloseWindows":true,"javascriptCanOpenWindows":true,"javascriptEnabled":true,"loadImages":true,"localToRemoteUrlAccessEnabled":false,"userAgent":"Mozilla/5.0 (Windows NT 6.1; WOW64) AppleWebKit/538.1 (KHTML, like Gecko) PhantomJS/2.1.1 Safari/538.1","webSecurityEnabled":true}
[INFO  - 2017-03-03T14:26:58.670Z] Session [75b09d90-001d-11e7-9073-d1823735436f] - page.customHeaders:  - {}
[INFO  - 2017-03-03T14:26:58.670Z] Session [75b09d90-001d-11e7-9073-d1823735436f] - Session.negotiatedCapabilities - {"browserName":"phantomjs","version":"2.1.1","driverName":"ghostdriver","driverVersion":"1.2.0","platform":"windows-7-32bit","javascriptEnabled":true,"takesScreenshot":true,"handlesAlerts":false,"databaseEnabled":false,"locationContextEnabled":false,"applicationCacheEnabled":false,"browserConnectionEnabled":false,"cssSelectorsEnabled":true,"webStorageEnabled":false,"rotatable":false,"acceptSslCerts":false,"nativeEvents":true,"proxy":{"proxyType":"direct"}}
[INFO  - 2017-03-03T14:26:58.670Z] SessionManagerReqHand - _postNewSessionCommand - New Session Created: 75b09d90-001d-11e7-9073-d1823735436f
[INFO  - 2017-03-03T14:27:00.867Z] ShutdownReqHand - _handle - About to shutdown
[INFO  - 2017-03-03T14:29:18.425Z] GhostDriver - Main - running on port 32816
[INFO  - 2017-03-03T14:29:18.924Z] Session [c949ad70-001d-11e7-9de0-634714c3c9ac] - page.settings - {"XSSAuditingEnabled":false,"javascriptCanCloseWindows":true,"javascriptCanOpenWindows":true,"javascriptEnabled":true,"loadImages":true,"localToRemoteUrlAccessEnabled":false,"userAgent":"Mozilla/5.0 (Windows NT 6.1; WOW64) AppleWebKit/538.1 (KHTML, like Gecko) PhantomJS/2.1.1 Safari/538.1","webSecurityEnabled":true}
[INFO  - 2017-03-03T14:29:18.924Z] Session [c949ad70-001d-11e7-9de0-634714c3c9ac] - page.customHeaders:  - {}
[INFO  - 2017-03-03T14:29:18.924Z] Session [c949ad70-001d-11e7-9de0-634714c3c9ac] - Session.negotiatedCapabilities - {"browserName":"phantomjs","version":"2.1.1","driverName":"ghostdriver","driverVersion":"1.2.0","platform":"windows-7-32bit","javascriptEnabled":true,"takesScreenshot":true,"handlesAlerts":false,"databaseEnabled":false,"locationContextEnabled":false,"applicationCacheEnabled":false,"browserConnectionEnabled":false,"cssSelectorsEnabled":true,"webStorageEnabled":false,"rotatable":false,"acceptSslCerts":false,"nativeEvents":true,"proxy":{"proxyType":"direct"}}
[INFO  - 2017-03-03T14:29:18.924Z] SessionManagerReqHand - _postNewSessionCommand - New Session Created: c949ad70-001d-11e7-9de0-634714c3c9ac
[INFO  - 2017-03-03T14:30:01.921Z] ShutdownReqHand - _handle - About to shutdown
[INFO  - 2017-03-03T14:30:32.333Z] GhostDriver - Main - running on port 5399
[INFO  - 2017-03-03T14:30:32.823Z] Session [f5559e10-001d-11e7-963a-d75af4abd9d4] - page.settings - {"XSSAuditingEnabled":false,"javascriptCanCloseWindows":true,"javascriptCanOpenWindows":true,"javascriptEnabled":true,"loadImages":true,"localToRemoteUrlAccessEnabled":false,"userAgent":"Mozilla/5.0 (Windows NT 6.1; WOW64) AppleWebKit/538.1 (KHTML, like Gecko) PhantomJS/2.1.1 Safari/538.1","webSecurityEnabled":true}
[INFO  - 2017-03-03T14:30:32.823Z] Session [f5559e10-001d-11e7-963a-d75af4abd9d4] - page.customHeaders:  - {}
[INFO  - 2017-03-03T14:30:32.823Z] Session [f5559e10-001d-11e7-963a-d75af4abd9d4] - Session.negotiatedCapabilities - {"browserName":"phantomjs","version":"2.1.1","driverName":"ghostdriver","driverVersion":"1.2.0","platform":"windows-7-32bit","javascriptEnabled":true,"takesScreenshot":true,"handlesAlerts":false,"databaseEnabled":false,"locationContextEnabled":false,"applicationCacheEnabled":false,"browserConnectionEnabled":false,"cssSelectorsEnabled":true,"webStorageEnabled":false,"rotatable":false,"acceptSslCerts":false,"nativeEvents":true,"proxy":{"proxyType":"direct"}}
[INFO  - 2017-03-03T14:30:32.823Z] SessionManagerReqHand - _postNewSessionCommand - New Session Created: f5559e10-001d-11e7-963a-d75af4abd9d4
[ERROR - 2017-03-03T14:31:30.363Z] WebElementLocator - _handleLocateCommand - Element(s) NOT Found: GAVE UP. Search Stop Time: 1488551490334
[INFO  - 2017-03-03T14:31:30.467Z] ShutdownReqHand - _handle - About to shutdown
[INFO  - 2017-03-03T14:32:14.302Z] GhostDriver - Main - running on port 48992
[INFO  - 2017-03-03T14:32:14.833Z] Session [322342c0-001e-11e7-b97a-ab8bf51818b3] - page.settings - {"XSSAuditingEnabled":false,"javascriptCanCloseWindows":true,"javascriptCanOpenWindows":true,"javascriptEnabled":true,"loadImages":true,"localToRemoteUrlAccessEnabled":false,"userAgent":"Mozilla/5.0 (Windows NT 6.1; WOW64) AppleWebKit/538.1 (KHTML, like Gecko) PhantomJS/2.1.1 Safari/538.1","webSecurityEnabled":true}
[INFO  - 2017-03-03T14:32:14.833Z] Session [322342c0-001e-11e7-b97a-ab8bf51818b3] - page.customHeaders:  - {}
[INFO  - 2017-03-03T14:32:14.833Z] Session [322342c0-001e-11e7-b97a-ab8bf51818b3] - Session.negotiatedCapabilities - {"browserName":"phantomjs","version":"2.1.1","driverName":"ghostdriver","driverVersion":"1.2.0","platform":"windows-7-32bit","javascriptEnabled":true,"takesScreenshot":true,"handlesAlerts":false,"databaseEnabled":false,"locationContextEnabled":false,"applicationCacheEnabled":false,"browserConnectionEnabled":false,"cssSelectorsEnabled":true,"webStorageEnabled":false,"rotatable":false,"acceptSslCerts":false,"nativeEvents":true,"proxy":{"proxyType":"direct"}}
[INFO  - 2017-03-03T14:32:14.833Z] SessionManagerReqHand - _postNewSessionCommand - New Session Created: 322342c0-001e-11e7-b97a-ab8bf51818b3
[INFO  - 2017-03-03T14:34:04.087Z] ShutdownReqHand - _handle - About to shutdown
[INFO  - 2017-03-03T14:36:59.417Z] GhostDriver - Main - running on port 6109
[INFO  - 2017-03-03T14:36:59.896Z] Session [dc0c6c30-001e-11e7-a3be-49243a4715f7] - page.settings - {"XSSAuditingEnabled":false,"javascriptCanCloseWindows":true,"javascriptCanOpenWindows":true,"javascriptEnabled":true,"loadImages":true,"localToRemoteUrlAccessEnabled":false,"userAgent":"Mozilla/5.0 (Windows NT 6.1; WOW64) AppleWebKit/538.1 (KHTML, like Gecko) PhantomJS/2.1.1 Safari/538.1","webSecurityEnabled":true}
[INFO  - 2017-03-03T14:36:59.896Z] Session [dc0c6c30-001e-11e7-a3be-49243a4715f7] - page.customHeaders:  - {}
[INFO  - 2017-03-03T14:36:59.896Z] Session [dc0c6c30-001e-11e7-a3be-49243a4715f7] - Session.negotiatedCapabilities - {"browserName":"phantomjs","version":"2.1.1","driverName":"ghostdriver","driverVersion":"1.2.0","platform":"windows-7-32bit","javascriptEnabled":true,"takesScreenshot":true,"handlesAlerts":false,"databaseEnabled":false,"locationContextEnabled":false,"applicationCacheEnabled":false,"browserConnectionEnabled":false,"cssSelectorsEnabled":true,"webStorageEnabled":false,"rotatable":false,"acceptSslCerts":false,"nativeEvents":true,"proxy":{"proxyType":"direct"}}
[INFO  - 2017-03-03T14:36:59.896Z] SessionManagerReqHand - _postNewSessionCommand - New Session Created: dc0c6c30-001e-11e7-a3be-49243a4715f7
[ERROR - 2017-03-03T14:37:11.785Z] WebElementLocator - _handleLocateCommand - Element(s) NOT Found: GAVE UP. Search Stop Time: 1488551831752
[ERROR - 2017-03-03T14:37:22.568Z] WebElementLocator - _handleLocateCommand - Element(s) NOT Found: GAVE UP. Search Stop Time: 1488551842538
[ERROR - 2017-03-03T14:37:43.308Z] WebElementLocator - _handleLocateCommand - Element(s) NOT Found: GAVE UP. Search Stop Time: 1488551863305
[ERROR - 2017-03-03T14:37:54.765Z] WebElementLocator - _handleLocateCommand - Element(s) NOT Found: GAVE UP. Search Stop Time: 1488551874746
[ERROR - 2017-03-03T14:38:05.471Z] WebElementLocator - _handleLocateCommand - Element(s) NOT Found: GAVE UP. Search Stop Time: 1488551885436
[ERROR - 2017-03-03T14:38:16.052Z] WebElementLocator - _handleLocateCommand - Element(s) NOT Found: GAVE UP. Search Stop Time: 1488551896001
[ERROR - 2017-03-03T14:38:26.743Z] WebElementLocator - _handleLocateCommand - Element(s) NOT Found: GAVE UP. Search Stop Time: 1488551906708
[ERROR - 2017-03-03T14:38:38.118Z] WebElementLocator - _handleLocateCommand - Element(s) NOT Found: GAVE UP. Search Stop Time: 1488551918074
[INFO  - 2017-03-03T14:38:38.437Z] ShutdownReqHand - _handle - About to shutdown
[INFO  - 2017-03-03T14:41:23.314Z] GhostDriver - Main - running on port 43307
[INFO  - 2017-03-03T14:41:23.872Z] Session [79641dc0-001f-11e7-ac49-f3124de5663f] - page.settings - {"XSSAuditingEnabled":false,"javascriptCanCloseWindows":true,"javascriptCanOpenWindows":true,"javascriptEnabled":true,"loadImages":true,"localToRemoteUrlAccessEnabled":false,"userAgent":"Mozilla/5.0 (Windows NT 6.1; WOW64) AppleWebKit/538.1 (KHTML, like Gecko) PhantomJS/2.1.1 Safari/538.1","webSecurityEnabled":true}
[INFO  - 2017-03-03T14:41:23.872Z] Session [79641dc0-001f-11e7-ac49-f3124de5663f] - page.customHeaders:  - {}
[INFO  - 2017-03-03T14:41:23.872Z] Session [79641dc0-001f-11e7-ac49-f3124de5663f] - Session.negotiatedCapabilities - {"browserName":"phantomjs","version":"2.1.1","driverName":"ghostdriver","driverVersion":"1.2.0","platform":"windows-7-32bit","javascriptEnabled":true,"takesScreenshot":true,"handlesAlerts":false,"databaseEnabled":false,"locationContextEnabled":false,"applicationCacheEnabled":false,"browserConnectionEnabled":false,"cssSelectorsEnabled":true,"webStorageEnabled":false,"rotatable":false,"acceptSslCerts":false,"nativeEvents":true,"proxy":{"proxyType":"direct"}}
[INFO  - 2017-03-03T14:41:23.873Z] SessionManagerReqHand - _postNewSessionCommand - New Session Created: 79641dc0-001f-11e7-ac49-f3124de5663f
[INFO  - 2017-03-03T14:41:25.350Z] ShutdownReqHand - _handle - About to shutdown
[INFO  - 2017-03-03T14:42:13.634Z] GhostDriver - Main - running on port 8016
[INFO  - 2017-03-03T14:42:14.139Z] Session [975a1960-001f-11e7-9385-2585f3e0b3dd] - page.settings - {"XSSAuditingEnabled":false,"javascriptCanCloseWindows":true,"javascriptCanOpenWindows":true,"javascriptEnabled":true,"loadImages":true,"localToRemoteUrlAccessEnabled":false,"userAgent":"Mozilla/5.0 (Windows NT 6.1; WOW64) AppleWebKit/538.1 (KHTML, like Gecko) PhantomJS/2.1.1 Safari/538.1","webSecurityEnabled":true}
[INFO  - 2017-03-03T14:42:14.139Z] Session [975a1960-001f-11e7-9385-2585f3e0b3dd] - page.customHeaders:  - {}
[INFO  - 2017-03-03T14:42:14.139Z] Session [975a1960-001f-11e7-9385-2585f3e0b3dd] - Session.negotiatedCapabilities - {"browserName":"phantomjs","version":"2.1.1","driverName":"ghostdriver","driverVersion":"1.2.0","platform":"windows-7-32bit","javascriptEnabled":true,"takesScreenshot":true,"handlesAlerts":false,"databaseEnabled":false,"locationContextEnabled":false,"applicationCacheEnabled":false,"browserConnectionEnabled":false,"cssSelectorsEnabled":true,"webStorageEnabled":false,"rotatable":false,"acceptSslCerts":false,"nativeEvents":true,"proxy":{"proxyType":"direct"}}
[INFO  - 2017-03-03T14:42:14.139Z] SessionManagerReqHand - _postNewSessionCommand - New Session Created: 975a1960-001f-11e7-9385-2585f3e0b3dd
[ERROR - 2017-03-03T14:42:26.156Z] WebElementLocator - _handleLocateCommand - Element(s) NOT Found: GAVE UP. Search Stop Time: 1488552146125
[ERROR - 2017-03-03T14:42:36.948Z] WebElementLocator - _handleLocateCommand - Element(s) NOT Found: GAVE UP. Search Stop Time: 1488552156946
[ERROR - 2017-03-03T14:42:57.673Z] WebElementLocator - _handleLocateCommand - Element(s) NOT Found: GAVE UP. Search Stop Time: 1488552177651
[ERROR - 2017-03-03T14:43:09.024Z] WebElementLocator - _handleLocateCommand - Element(s) NOT Found: GAVE UP. Search Stop Time: 1488552189008
[ERROR - 2017-03-03T14:43:19.776Z] WebElementLocator - _handleLocateCommand - Element(s) NOT Found: GAVE UP. Search Stop Time: 1488552199759
[ERROR - 2017-03-03T14:43:30.325Z] WebElementLocator - _handleLocateCommand - Element(s) NOT Found: GAVE UP. Search Stop Time: 1488552210316
[ERROR - 2017-03-03T14:43:40.994Z] WebElementLocator - _handleLocateCommand - Element(s) NOT Found: GAVE UP. Search Stop Time: 1488552220987
[ERROR - 2017-03-03T14:43:52.405Z] WebElementLocator - _handleLocateCommand - Element(s) NOT Found: GAVE UP. Search Stop Time: 1488552232383
[INFO  - 2017-03-03T14:43:52.800Z] ShutdownReqHand - _handle - About to shutdown
[INFO  - 2017-03-03T14:47:05.083Z] GhostDriver - Main - running on port 8504
[INFO  - 2017-03-03T14:47:05.587Z] Session [451188e0-0020-11e7-81b4-dff80c2e73c8] - page.settings - {"XSSAuditingEnabled":false,"javascriptCanCloseWindows":true,"javascriptCanOpenWindows":true,"javascriptEnabled":true,"loadImages":true,"localToRemoteUrlAccessEnabled":false,"userAgent":"Mozilla/5.0 (Windows NT 6.1; WOW64) AppleWebKit/538.1 (KHTML, like Gecko) PhantomJS/2.1.1 Safari/538.1","webSecurityEnabled":true}
[INFO  - 2017-03-03T14:47:05.587Z] Session [451188e0-0020-11e7-81b4-dff80c2e73c8] - page.customHeaders:  - {}
[INFO  - 2017-03-03T14:47:05.587Z] Session [451188e0-0020-11e7-81b4-dff80c2e73c8] - Session.negotiatedCapabilities - {"browserName":"phantomjs","version":"2.1.1","driverName":"ghostdriver","driverVersion":"1.2.0","platform":"windows-7-32bit","javascriptEnabled":true,"takesScreenshot":true,"handlesAlerts":false,"databaseEnabled":false,"locationContextEnabled":false,"applicationCacheEnabled":false,"browserConnectionEnabled":false,"cssSelectorsEnabled":true,"webStorageEnabled":false,"rotatable":false,"acceptSslCerts":false,"nativeEvents":true,"proxy":{"proxyType":"direct"}}
[INFO  - 2017-03-03T14:47:05.587Z] SessionManagerReqHand - _postNewSessionCommand - New Session Created: 451188e0-0020-11e7-81b4-dff80c2e73c8
[INFO  - 2017-03-03T14:47:22.481Z] ShutdownReqHand - _handle - About to shutdown
[INFO  - 2017-03-03T14:47:56.516Z] GhostDriver - Main - running on port 44523
[INFO  - 2017-03-03T14:47:57.013Z] Session [63b88500-0020-11e7-bb13-0d8178c6d84e] - page.settings - {"XSSAuditingEnabled":false,"javascriptCanCloseWindows":true,"javascriptCanOpenWindows":true,"javascriptEnabled":true,"loadImages":true,"localToRemoteUrlAccessEnabled":false,"userAgent":"Mozilla/5.0 (Windows NT 6.1; WOW64) AppleWebKit/538.1 (KHTML, like Gecko) PhantomJS/2.1.1 Safari/538.1","webSecurityEnabled":true}
[INFO  - 2017-03-03T14:47:57.013Z] Session [63b88500-0020-11e7-bb13-0d8178c6d84e] - page.customHeaders:  - {}
[INFO  - 2017-03-03T14:47:57.013Z] Session [63b88500-0020-11e7-bb13-0d8178c6d84e] - Session.negotiatedCapabilities - {"browserName":"phantomjs","version":"2.1.1","driverName":"ghostdriver","driverVersion":"1.2.0","platform":"windows-7-32bit","javascriptEnabled":true,"takesScreenshot":true,"handlesAlerts":false,"databaseEnabled":false,"locationContextEnabled":false,"applicationCacheEnabled":false,"browserConnectionEnabled":false,"cssSelectorsEnabled":true,"webStorageEnabled":false,"rotatable":false,"acceptSslCerts":false,"nativeEvents":true,"proxy":{"proxyType":"direct"}}
[INFO  - 2017-03-03T14:47:57.013Z] SessionManagerReqHand - _postNewSessionCommand - New Session Created: 63b88500-0020-11e7-bb13-0d8178c6d84e
[INFO  - 2017-03-03T14:48:16.502Z] ShutdownReqHand - _handle - About to shutdown
[INFO  - 2017-03-03T14:49:15.574Z] GhostDriver - Main - running on port 34724
[INFO  - 2017-03-03T14:49:16.030Z] Session [92d1b5a0-0020-11e7-8429-5b596997129b] - page.settings - {"XSSAuditingEnabled":false,"javascriptCanCloseWindows":true,"javascriptCanOpenWindows":true,"javascriptEnabled":true,"loadImages":true,"localToRemoteUrlAccessEnabled":false,"userAgent":"Mozilla/5.0 (Windows NT 6.1; WOW64) AppleWebKit/538.1 (KHTML, like Gecko) PhantomJS/2.1.1 Safari/538.1","webSecurityEnabled":true}
[INFO  - 2017-03-03T14:49:16.031Z] Session [92d1b5a0-0020-11e7-8429-5b596997129b] - page.customHeaders:  - {}
[INFO  - 2017-03-03T14:49:16.031Z] Session [92d1b5a0-0020-11e7-8429-5b596997129b] - Session.negotiatedCapabilities - {"browserName":"phantomjs","version":"2.1.1","driverName":"ghostdriver","driverVersion":"1.2.0","platform":"windows-7-32bit","javascriptEnabled":true,"takesScreenshot":true,"handlesAlerts":false,"databaseEnabled":false,"locationContextEnabled":false,"applicationCacheEnabled":false,"browserConnectionEnabled":false,"cssSelectorsEnabled":true,"webStorageEnabled":false,"rotatable":false,"acceptSslCerts":false,"nativeEvents":true,"proxy":{"proxyType":"direct"}}
[INFO  - 2017-03-03T14:49:16.031Z] SessionManagerReqHand - _postNewSessionCommand - New Session Created: 92d1b5a0-0020-11e7-8429-5b596997129b
[ERROR - 2017-03-03T14:49:30.768Z] WebElementLocator - _handleLocateCommand - Element(s) NOT Found: GAVE UP. Search Stop Time: 1488552570706
[INFO  - 2017-03-03T14:50:02.625Z] ShutdownReqHand - _handle - About to shutdown
[INFO  - 2017-03-03T14:51:46.542Z] GhostDriver - Main - running on port 32872
[INFO  - 2017-03-03T14:51:47.082Z] Session [ecda6a60-0020-11e7-9fc8-cbf3e1e42f2d] - page.settings - {"XSSAuditingEnabled":false,"javascriptCanCloseWindows":true,"javascriptCanOpenWindows":true,"javascriptEnabled":true,"loadImages":true,"localToRemoteUrlAccessEnabled":false,"userAgent":"Mozilla/5.0 (Windows NT 6.1; WOW64) AppleWebKit/538.1 (KHTML, like Gecko) PhantomJS/2.1.1 Safari/538.1","webSecurityEnabled":true}
[INFO  - 2017-03-03T14:51:47.082Z] Session [ecda6a60-0020-11e7-9fc8-cbf3e1e42f2d] - page.customHeaders:  - {}
[INFO  - 2017-03-03T14:51:47.082Z] Session [ecda6a60-0020-11e7-9fc8-cbf3e1e42f2d] - Session.negotiatedCapabilities - {"browserName":"phantomjs","version":"2.1.1","driverName":"ghostdriver","driverVersion":"1.2.0","platform":"windows-7-32bit","javascriptEnabled":true,"takesScreenshot":true,"handlesAlerts":false,"databaseEnabled":false,"locationContextEnabled":false,"applicationCacheEnabled":false,"browserConnectionEnabled":false,"cssSelectorsEnabled":true,"webStorageEnabled":false,"rotatable":false,"acceptSslCerts":false,"nativeEvents":true,"proxy":{"proxyType":"direct"}}
[INFO  - 2017-03-03T14:51:47.083Z] SessionManagerReqHand - _postNewSessionCommand - New Session Created: ecda6a60-0020-11e7-9fc8-cbf3e1e42f2d
[ERROR - 2017-03-03T14:52:02.073Z] WebElementLocator - _handleLocateCommand - Element(s) NOT Found: GAVE UP. Search Stop Time: 1488552722036
[ERROR - 2017-03-03T14:52:12.265Z] WebElementLocator - _handleLocateCommand - Element(s) NOT Found: GAVE UP. Search Stop Time: 1488552732246
[ERROR - 2017-03-03T14:52:22.427Z] WebElementLocator - _handleLocateCommand - Element(s) NOT Found: GAVE UP. Search Stop Time: 1488552742395
[ERROR - 2017-03-03T14:52:35.165Z] WebElementLocator - _handleLocateCommand - Element(s) NOT Found: GAVE UP. Search Stop Time: 1488552755129
[ERROR - 2017-03-03T14:52:45.326Z] WebElementLocator - _handleLocateCommand - Element(s) NOT Found: GAVE UP. Search Stop Time: 1488552765293
[ERROR - 2017-03-03T14:52:55.487Z] WebElementLocator - _handleLocateCommand - Element(s) NOT Found: GAVE UP. Search Stop Time: 1488552775454
[ERROR - 2017-03-03T14:53:08.017Z] WebElementLocator - _handleLocateCommand - Element(s) NOT Found: GAVE UP. Search Stop Time: 1488552787959
[INFO  - 2017-03-03T14:53:08.440Z] ShutdownReqHand - _handle - About to shutdown
[INFO  - 2017-03-03T14:57:51.639Z] GhostDriver - Main - running on port 31854
[INFO  - 2017-03-03T14:57:52.140Z] Session [c671b170-0021-11e7-8af7-f702cb6a5209] - page.settings - {"XSSAuditingEnabled":false,"javascriptCanCloseWindows":true,"javascriptCanOpenWindows":true,"javascriptEnabled":true,"loadImages":true,"localToRemoteUrlAccessEnabled":false,"userAgent":"Mozilla/5.0 (Windows NT 6.1; WOW64) AppleWebKit/538.1 (KHTML, like Gecko) PhantomJS/2.1.1 Safari/538.1","webSecurityEnabled":true}
[INFO  - 2017-03-03T14:57:52.140Z] Session [c671b170-0021-11e7-8af7-f702cb6a5209] - page.customHeaders:  - {}
[INFO  - 2017-03-03T14:57:52.140Z] Session [c671b170-0021-11e7-8af7-f702cb6a5209] - Session.negotiatedCapabilities - {"browserName":"phantomjs","version":"2.1.1","driverName":"ghostdriver","driverVersion":"1.2.0","platform":"windows-7-32bit","javascriptEnabled":true,"takesScreenshot":true,"handlesAlerts":false,"databaseEnabled":false,"locationContextEnabled":false,"applicationCacheEnabled":false,"browserConnectionEnabled":false,"cssSelectorsEnabled":true,"webStorageEnabled":false,"rotatable":false,"acceptSslCerts":false,"nativeEvents":true,"proxy":{"proxyType":"direct"}}
[INFO  - 2017-03-03T14:57:52.140Z] SessionManagerReqHand - _postNewSessionCommand - New Session Created: c671b170-0021-11e7-8af7-f702cb6a5209
[ERROR - 2017-03-03T14:58:07.104Z] WebElementLocator - _handleLocateCommand - Element(s) NOT Found: GAVE UP. Search Stop Time: 1488553087054
[ERROR - 2017-03-03T14:58:17.330Z] WebElementLocator - _handleLocateCommand - Element(s) NOT Found: GAVE UP. Search Stop Time: 1488553097279
[ERROR - 2017-03-03T14:58:27.552Z] WebElementLocator - _handleLocateCommand - Element(s) NOT Found: GAVE UP. Search Stop Time: 1488553107515
[ERROR - 2017-03-03T14:58:40.404Z] WebElementLocator - _handleLocateCommand - Element(s) NOT Found: GAVE UP. Search Stop Time: 1488553120354
[ERROR - 2017-03-03T14:58:50.599Z] WebElementLocator - _handleLocateCommand - Element(s) NOT Found: GAVE UP. Search Stop Time: 1488553130534
[ERROR - 2017-03-03T14:59:00.762Z] WebElementLocator - _handleLocateCommand - Element(s) NOT Found: GAVE UP. Search Stop Time: 1488553140732
[INFO  - 2017-03-03T14:59:06.284Z] ShutdownReqHand - _handle - About to shutdown
[INFO  - 2017-03-03T14:59:22.000Z] GhostDriver - Main - running on port 10013
[INFO  - 2017-03-03T14:59:22.497Z] Session [fc4d13c0-0021-11e7-bdfc-49c25c6ff01e] - page.settings - {"XSSAuditingEnabled":false,"javascriptCanCloseWindows":true,"javascriptCanOpenWindows":true,"javascriptEnabled":true,"loadImages":true,"localToRemoteUrlAccessEnabled":false,"userAgent":"Mozilla/5.0 (Windows NT 6.1; WOW64) AppleWebKit/538.1 (KHTML, like Gecko) PhantomJS/2.1.1 Safari/538.1","webSecurityEnabled":true}
[INFO  - 2017-03-03T14:59:22.497Z] Session [fc4d13c0-0021-11e7-bdfc-49c25c6ff01e] - page.customHeaders:  - {}
[INFO  - 2017-03-03T14:59:22.497Z] Session [fc4d13c0-0021-11e7-bdfc-49c25c6ff01e] - Session.negotiatedCapabilities - {"browserName":"phantomjs","version":"2.1.1","driverName":"ghostdriver","driverVersion":"1.2.0","platform":"windows-7-32bit","javascriptEnabled":true,"takesScreenshot":true,"handlesAlerts":false,"databaseEnabled":false,"locationContextEnabled":false,"applicationCacheEnabled":false,"browserConnectionEnabled":false,"cssSelectorsEnabled":true,"webStorageEnabled":false,"rotatable":false,"acceptSslCerts":false,"nativeEvents":true,"proxy":{"proxyType":"direct"}}
[INFO  - 2017-03-03T14:59:22.497Z] SessionManagerReqHand - _postNewSessionCommand - New Session Created: fc4d13c0-0021-11e7-bdfc-49c25c6ff01e
[ERROR - 2017-03-03T15:00:10.107Z] WebElementLocator - _handleLocateCommand - Element(s) NOT Found: GAVE UP. Search Stop Time: 1488553210081
[ERROR - 2017-03-03T15:00:20.296Z] WebElementLocator - _handleLocateCommand - Element(s) NOT Found: GAVE UP. Search Stop Time: 1488553220245
[ERROR - 2017-03-03T15:00:30.417Z] WebElementLocator - _handleLocateCommand - Element(s) NOT Found: GAVE UP. Search Stop Time: 1488553230411
[ERROR - 2017-03-03T15:00:43.138Z] WebElementLocator - _handleLocateCommand - Element(s) NOT Found: GAVE UP. Search Stop Time: 1488553243116
[ERROR - 2017-03-03T15:00:53.289Z] WebElementLocator - _handleLocateCommand - Element(s) NOT Found: GAVE UP. Search Stop Time: 1488553253248
[ERROR - 2017-03-03T15:01:03.443Z] WebElementLocator - _handleLocateCommand - Element(s) NOT Found: GAVE UP. Search Stop Time: 1488553263409
[INFO  - 2017-03-03T15:01:08.277Z] ShutdownReqHand - _handle - About to shutdown
